Performing C SOURCE FILE Test CMAKE_HAVE_LIBC_PTHREAD failed with the following output:
Change Dir: /home/makler/Documents/afina/CMakeFiles/CMakeTmp

Run Build Command(s):/usr/bin/make cmTC_96804/fast && /usr/bin/make -f CMakeFiles/cmTC_96804.dir/build.make CMakeFiles/cmTC_96804.dir/build
make[1]: вход в каталог «/home/makler/Documents/afina/CMakeFiles/CMakeTmp»
Building C object CMakeFiles/cmTC_96804.dir/src.c.o
/usr/bin/cc   -std=c99 -Wall -Werror -fPIC -march=native -DCMAKE_HAVE_LIBC_PTHREAD   -o CMakeFiles/cmTC_96804.dir/src.c.o   -c /home/makler/Documents/afina/CMakeFiles/CMakeTmp/src.c
Linking C executable cmTC_96804
/usr/bin/cmake -E cmake_link_script CMakeFiles/cmTC_96804.dir/link.txt --verbose=1
/usr/bin/cc  -std=c99 -Wall -Werror -fPIC -march=native -DCMAKE_HAVE_LIBC_PTHREAD    -rdynamic CMakeFiles/cmTC_96804.dir/src.c.o  -o cmTC_96804 
/usr/bin/ld: CMakeFiles/cmTC_96804.dir/src.c.o: в функции «main»:
src.c:(.text+0x46): неопределённая ссылка на «pthread_create»
/usr/bin/ld: src.c:(.text+0x52): неопределённая ссылка на «pthread_detach»
/usr/bin/ld: src.c:(.text+0x63): неопределённая ссылка на «pthread_join»
collect2: error: ld returned 1 exit status
make[1]: *** [CMakeFiles/cmTC_96804.dir/build.make:87: cmTC_96804] Ошибка 1
make[1]: выход из каталога «/home/makler/Documents/afina/CMakeFiles/CMakeTmp»
make: *** [Makefile:121: cmTC_96804/fast] Ошибка 2


Source file was:
#include <pthread.h>

void* test_func(void* data)
{
  return data;
}

int main(void)
{
  pthread_t thread;
  pthread_create(&thread, NULL, test_func, NULL);
  pthread_detach(thread);
  pthread_join(thread, NULL);
  pthread_atfork(NULL, NULL, NULL);
  pthread_exit(NULL);

  return 0;
}

Determining if the function pthread_create exists in the pthreads failed with the following output:
Change Dir: /home/makler/Documents/afina/CMakeFiles/CMakeTmp

Run Build Command(s):/usr/bin/make cmTC_aff82/fast && /usr/bin/make -f CMakeFiles/cmTC_aff82.dir/build.make CMakeFiles/cmTC_aff82.dir/build
make[1]: вход в каталог «/home/makler/Documents/afina/CMakeFiles/CMakeTmp»
Building C object CMakeFiles/cmTC_aff82.dir/CheckFunctionExists.c.o
/usr/bin/cc   -std=c99 -Wall -Werror -fPIC -march=native -DCHECK_FUNCTION_EXISTS=pthread_create   -o CMakeFiles/cmTC_aff82.dir/CheckFunctionExists.c.o   -c /usr/share/cmake-3.16/Modules/CheckFunctionExists.c
Linking C executable cmTC_aff82
/usr/bin/cmake -E cmake_link_script CMakeFiles/cmTC_aff82.dir/link.txt --verbose=1
/usr/bin/cc  -std=c99 -Wall -Werror -fPIC -march=native -DCHECK_FUNCTION_EXISTS=pthread_create    -rdynamic CMakeFiles/cmTC_aff82.dir/CheckFunctionExists.c.o  -o cmTC_aff82  -lpthreads 
/usr/bin/ld: невозможно найти -lpthreads
collect2: error: ld returned 1 exit status
make[1]: *** [CMakeFiles/cmTC_aff82.dir/build.make:87: cmTC_aff82] Ошибка 1
make[1]: выход из каталога «/home/makler/Documents/afina/CMakeFiles/CMakeTmp»
make: *** [Makefile:121: cmTC_aff82/fast] Ошибка 2



